0 info it worked if it ends with ok
1 verbose cli [ '/home/dev/.nvm/versions/node/v6.9.1/bin/node',
1 verbose cli   '/home/dev/.nvm/versions/node/v6.9.1/bin/npm',
1 verbose cli   'login' ]
2 info using npm@3.10.8
3 info using node@v6.9.1
4 verbose adduser before first PUT { _id: 'org.couchdb.user:ethangarofolo',
4 verbose adduser   name: 'ethangarofolo',
4 verbose adduser   password: 'XXXXX',
4 verbose adduser   email: 'ethan@suchsoftware.com',
4 verbose adduser   type: 'user',
4 verbose adduser   roles: [],
4 verbose adduser   date: '2016-11-02T21:10:00.313Z' }
5 verbose request uri https://npm.power.ge.com/-/user/org.couchdb.user:ethangarofolo
6 verbose request new user, so can't send auth
7 info attempt registry request try #1 at 3:10:00 PM
8 verbose request id 9681204d9ec2fa3e
9 http request PUT https://npm.power.ge.com/-/user/org.couchdb.user:ethangarofolo
10 info retry will retry, error on last attempt: Error: getaddrinfo ENOTFOUND npm.power.ge.com npm.power.ge.com:443
11 info attempt registry request try #2 at 3:10:10 PM
12 http request PUT https://npm.power.ge.com/-/user/org.couchdb.user:ethangarofolo
13 info retry will retry, error on last attempt: Error: getaddrinfo ENOTFOUND npm.power.ge.com npm.power.ge.com:443
14 info attempt registry request try #3 at 3:11:10 PM
15 http request PUT https://npm.power.ge.com/-/user/org.couchdb.user:ethangarofolo
16 verbose request invalidating /home/dev/.npm/npm.power.ge.com/-/user/org.couchdb.user_3Aethangarofolo on PUT
17 verbose adduser back [ { Error: getaddrinfo ENOTFOUND npm.power.ge.com npm.power.ge.com:443
17 verbose adduser       at errnoException (dns.js:28:10)
17 verbose adduser       at GetAddrInfoReqWrap.onlookup [as oncomplete] (dns.js:76:26)
17 verbose adduser     code: 'ENOTFOUND',
17 verbose adduser     errno: 'ENOTFOUND',
17 verbose adduser     syscall: 'getaddrinfo',
17 verbose adduser     hostname: 'npm.power.ge.com',
17 verbose adduser     host: 'npm.power.ge.com',
17 verbose adduser     port: 443 },
17 verbose adduser   undefined,
17 verbose adduser   undefined ]
18 verbose stack Error: getaddrinfo ENOTFOUND npm.power.ge.com npm.power.ge.com:443
18 verbose stack     at errnoException (dns.js:28:10)
18 verbose stack     at GetAddrInfoReqWrap.onlookup [as oncomplete] (dns.js:76:26)
19 verbose cwd /home/dev/source/suchsoftware/eslint-config-suchsoftware
20 error Linux 4.4.0-31-generic
21 error argv "/home/dev/.nvm/versions/node/v6.9.1/bin/node" "/home/dev/.nvm/versions/node/v6.9.1/bin/npm" "login"
22 error node v6.9.1
23 error npm  v3.10.8
24 error code ENOTFOUND
25 error errno ENOTFOUND
26 error syscall getaddrinfo
27 error network getaddrinfo ENOTFOUND npm.power.ge.com npm.power.ge.com:443
28 error network This is most likely not a problem with npm itself
28 error network and is related to network connectivity.
28 error network In most cases you are behind a proxy or have bad network settings.
28 error network
28 error network If you are behind a proxy, please make sure that the
28 error network 'proxy' config is set properly.  See: 'npm help config'
29 verbose exit [ 1, true ]
